<?xml version="1.0" encoding="UTF-8"?>
<!-- Generated by org.testng.reporters.JUnitReportReporter -->
<testsuite hostname="DESKTOP-H89CJ7B" failures="0" tests="1" name="SeleniumDemo.project1.SteeringPoolSuite" time="114.213" errors="0" timestamp="2024-03-20T10:21:25 IST" skipped="0">
  <testcase classname="SeleniumDemo.project1.SteeringPoolSuite" name="enterEmptySP" time="114.213"/>
</testsuite> <!-- SeleniumDemo.project1.SteeringPoolSuite -->
