<?xml version="1.0" encoding="UTF-8"?>
<!-- Generated by org.testng.reporters.JUnitReportReporter -->
<testsuite hostname="DESKTOP-H89CJ7B" failures="0" tests="6" name="SeleniumDemo.project1.CodecPolicySuite" time="357.561" errors="0" timestamp="2024-03-14T16:34:51 IST" skipped="0">
  <testcase classname="SeleniumDemo.project1.CodecPolicySuite" name="CopyAndSaveCodec" time="61.493"/>
  <testcase classname="SeleniumDemo.project1.CodecPolicySuite" name="AddMultipleDeleteFew" time="91.323"/>
  <testcase classname="SeleniumDemo.project1.CodecPolicySuite" name="CodecWithEmptyName" time="43.378"/>
  <testcase classname="SeleniumDemo.project1.CodecPolicySuite" name="EnterCodecAndPressBack" time="49.583"/>
  <testcase classname="SeleniumDemo.project1.CodecPolicySuite" name="addEditDel" time="55.535"/>
  <testcase classname="SeleniumDemo.project1.CodecPolicySuite" name="AddMultipleDeleteAll" time="56.249"/>
</testsuite> <!-- SeleniumDemo.project1.CodecPolicySuite -->
