<?xml version="1.0" encoding="UTF-8"?>
<!-- Generated by org.testng.reporters.JUnitReportReporter -->
<testsuite hostname="DESKTOP-H89CJ7B" failures="0" tests="2" name="SeleniumDemo.project1.SIPInterfaceSuite" time="233.345" errors="0" timestamp="2024-03-26T21:24:15 IST" skipped="0">
  <testcase classname="SeleniumDemo.project1.SIPInterfaceSuite" name="AddMultipleDeleteAll" time="121.598"/>
  <testcase classname="SeleniumDemo.project1.SIPInterfaceSuite" name="addEditDelete" time="111.747"/>
</testsuite> <!-- SeleniumDemo.project1.SIPInterfaceSuite -->
