<?xml version="1.0" encoding="UTF-8"?>
<!-- Generated by org.testng.reporters.JUnitReportReporter -->
<testsuite hostname="DESKTOP-H89CJ7B" failures="0" tests="1" name="SeleniumDemo.project1.SIPManipulationSuite" time="55.870" errors="0" timestamp="2024-03-25T13:08:43 IST" skipped="0">
  <testcase classname="SeleniumDemo.project1.SIPManipulationSuite" name="searchSIPManipulation" time="55.870"/>
</testsuite> <!-- SeleniumDemo.project1.SIPManipulationSuite -->
