<?xml version="1.0" encoding="UTF-8"?>
<!-- Generated by org.testng.reporters.JUnitReportReporter -->
<testsuite hostname="DESKTOP-H89CJ7B" failures="0" tests="1" name="SeleniumDemo.project1.RealMSuite" time="52.602" errors="0" timestamp="2024-03-15T18:49:36 IST" skipped="0">
  <testcase classname="SeleniumDemo.project1.RealMSuite" name="SearchRealM" time="52.602"/>
</testsuite> <!-- SeleniumDemo.project1.RealMSuite -->
