<?xml version="1.0" encoding="UTF-8"?>
<!-- Generated by org.testng.reporters.JUnitReportReporter -->
<testsuite hostname="DESKTOP-H89CJ7B" failures="0" tests="1" name="SeleniumDemo.project1.FilterConfigSuite" time="47.522" errors="0" timestamp="2024-03-15T13:19:10 IST" skipped="0">
  <testcase classname="SeleniumDemo.project1.FilterConfigSuite" name="AddEditDelete" time="47.522"/>
</testsuite> <!-- SeleniumDemo.project1.FilterConfigSuite -->
