<?xml version="1.0" encoding="UTF-8"?>
<!-- Generated by org.testng.reporters.JUnitReportReporter -->
<testsuite hostname="DESKTOP-H89CJ7B" failures="0" tests="1" name="SeleniumDemo.project1.CodecPolicySuite" time="68.518" errors="0" timestamp="2024-03-15T13:34:24 IST" skipped="0">
  <testcase classname="SeleniumDemo.project1.CodecPolicySuite" name="SearchCodecPolicy" time="68.518"/>
</testsuite> <!-- SeleniumDemo.project1.CodecPolicySuite -->
