<?xml version="1.0" encoding="UTF-8"?>
<!-- Generated by org.testng.reporters.JUnitReportReporter -->
<testsuite hostname="DESKTOP-H89CJ7B" failures="0" tests="2" name="SeleniumDemo.project1.TLSProfileSuite" time="191.694" errors="0" timestamp="2024-03-25T18:18:45 IST" skipped="0">
  <testcase classname="SeleniumDemo.project1.TLSProfileSuite" name="copyAndSave" time="66.303"/>
  <testcase classname="SeleniumDemo.project1.TLSProfileSuite" name="addMultipleDeleteFew" time="125.391"/>
</testsuite> <!-- SeleniumDemo.project1.TLSProfileSuite -->
