<?xml version="1.0" encoding="UTF-8"?>
<!-- Generated by org.testng.reporters.JUnitReportReporter -->
<testsuite hostname="DESKTOP-H89CJ7B" failures="0" tests="2" name="SeleniumDemo.project1.SessionAgentSuite" time="230.591" errors="0" timestamp="2024-03-26T16:04:39 IST" skipped="0">
  <testcase classname="SeleniumDemo.project1.SessionAgentSuite" name="EnterSessionAgentAndPressBack" time="85.100"/>
  <testcase classname="SeleniumDemo.project1.SessionAgentSuite" name="AddMultipleDeleteAll" time="145.491"/>
</testsuite> <!-- SeleniumDemo.project1.SessionAgentSuite -->
