<?xml version="1.0" encoding="UTF-8"?>
<!-- Generated by org.testng.reporters.JUnitReportReporter -->
<testsuite hostname="DESKTOP-H89CJ7B" failures="0" tests="1" name="SeleniumDemo.project1.LocalPolicySuite" time="105.053" errors="0" timestamp="2024-03-26T18:22:59 IST" skipped="0">
  <testcase classname="SeleniumDemo.project1.LocalPolicySuite" name="AddMultipleDeleteFew" time="105.053"/>
</testsuite> <!-- SeleniumDemo.project1.LocalPolicySuite -->
