<?xml version="1.0" encoding="UTF-8"?>
<!-- Generated by org.testng.reporters.JUnitReportReporter -->
<testsuite hostname="DESKTOP-H89CJ7B" failures="0" tests="7" name="SeleniumDemo.project1.CodecPolicySuite" time="398.149" errors="0" timestamp="2024-03-15T17:18:57 IST" skipped="0">
  <testcase classname="SeleniumDemo.project1.CodecPolicySuite" name="EnterCodecAndPressBack" time="45.581"/>
  <testcase classname="SeleniumDemo.project1.CodecPolicySuite" name="SearchCodecPolicy" time="57.995"/>
  <testcase classname="SeleniumDemo.project1.CodecPolicySuite" name="CopyAndSaveCodec" time="61.341"/>
  <testcase classname="SeleniumDemo.project1.CodecPolicySuite" name="addEditDel" time="50.954"/>
  <testcase classname="SeleniumDemo.project1.CodecPolicySuite" name="CodecWithEmptyName" time="42.283"/>
  <testcase classname="SeleniumDemo.project1.CodecPolicySuite" name="AddMultipleDeleteAll" time="54.372"/>
  <testcase classname="SeleniumDemo.project1.CodecPolicySuite" name="AddMultipleDeleteFew" time="85.623"/>
</testsuite> <!-- SeleniumDemo.project1.CodecPolicySuite -->
