<?xml version="1.0" encoding="UTF-8"?>
<!-- Generated by org.testng.reporters.JUnitReportReporter -->
<testsuite hostname="DESKTOP-H89CJ7B" failures="0" tests="7" name="SeleniumDemo.project1.FilterConfigSuite" time="408.474" errors="0" timestamp="2024-03-15T17:10:14 IST" skipped="0">
  <testcase classname="SeleniumDemo.project1.FilterConfigSuite" name="FilterWithEmptyName" time="40.525"/>
  <testcase classname="SeleniumDemo.project1.FilterConfigSuite" name="SearchFilterConfig" time="45.775"/>
  <testcase classname="SeleniumDemo.project1.FilterConfigSuite" name="AddMultipleFilterConfigDeleteAll" time="46.995"/>
  <testcase classname="SeleniumDemo.project1.FilterConfigSuite" name="AddMultipleFilterConfigDeleteFew" time="133.881"/>
  <testcase classname="SeleniumDemo.project1.FilterConfigSuite" name="AddEditDelete" time="49.417"/>
  <testcase classname="SeleniumDemo.project1.FilterConfigSuite" name="EnterFilter_ConfigAndPressBack" time="42.921"/>
  <testcase classname="SeleniumDemo.project1.FilterConfigSuite" name="CopyAndSaveFilterConfig" time="48.960"/>
</testsuite> <!-- SeleniumDemo.project1.FilterConfigSuite -->
