<?xml version="1.0" encoding="UTF-8"?>
<!-- Generated by org.testng.reporters.JUnitReportReporter -->
<testsuite hostname="DESKTOP-H89CJ7B" failures="0" tests="1" name="SeleniumDemo.project1.MediaProfileSuite" time="68.960" errors="0" timestamp="2024-03-15T16:46:04 IST" skipped="0">
  <testcase classname="SeleniumDemo.project1.MediaProfileSuite" name="EnterMediaProfileAndPressBack" time="68.960"/>
</testsuite> <!-- SeleniumDemo.project1.MediaProfileSuite -->
